<?xml version="1.0" encoding="UTF-8"?>
<testsuite name="PrintUtilitiesKtTest" tests="9" skipped="0" failures="0" errors="0" timestamp="2023-01-05T09:58:13" hostname="LAPTOP-MCV0VM2C" time="0.044">
  <properties/>
  <testcase name="checkIfMessageIsValidIfWordIsCorrect()" classname="PrintUtilitiesKtTest" time="0.025"/>
  <testcase name="checkIfHistogramIsNotShownIfNoWordHasBeenGuessed()" classname="PrintUtilitiesKtTest" time="0.002"/>
  <testcase name="checkIfCharIsNotPrintedIfColorsAreInvalidOne()" classname="PrintUtilitiesKtTest" time="0.001"/>
  <testcase name="checkIfCharIsNotPrintedIfColorsAreInvalidTwo()" classname="PrintUtilitiesKtTest" time="0.001"/>
  <testcase name="checkIfCharIsPrintedIfAllParametersAreValid()" classname="PrintUtilitiesKtTest" time="0.001"/>
  <testcase name="checkIfStatisticsAreNotShownIfNoWordHasBeenGuessed()" classname="PrintUtilitiesKtTest" time="0.0"/>
  <testcase name="checkIfHistogramIsShownIfAtLeastOneWordHasBeenGuessed()" classname="PrintUtilitiesKtTest" time="0.006"/>
  <testcase name="checkIfMessageIsInvalidIfWordIsEmpty()" classname="PrintUtilitiesKtTest" time="0.001"/>
  <testcase name="checkIfStatisticsAreShownIfAtLeastOneWordHasBeenGuessed()" classname="PrintUtilitiesKtTest" time="0.002"/>
  <system-out><![CDATA[Una pena, no has acertado la palabra...
La palabra era: GORRA
Has perdido la racha...
?[32mG?[0m1:  ?[0m (20,0%)
2: ?[47m ?[47m  ?[0m (10,0%)
3: ?[47m ?[47m ?[47m  ?[0m (30,0%)
4: ?[47m ?[47m ?[47m ?[47m ?[47m  ?[0m (40,0%)
5: ?[47m  ?[0m (0,0%)
6: ?[47m  ?[0m (0,0%)
====================FIN ESTADÍSTICAS=================
===============MOSTRANDO ESTADÍSTICA=============
PARTIDAS JUGADAS: 10
HAS RESUELTO UN TOTAL DE 4 PALABRAS
PORCENTAJE DE PALABRAS RESUELTAS DEL DICCIONARIO 2,90%
TODAVÍA PUEDES RESOLVER 101 PALABRAS
TU RACHA ACTUAL ES DE : 2 PALABRAS
TU MEJOR RACHA ES DE : 1 PALABRAS
**Mostrando media de intentos**
]]></system-out>
  <system-err><![CDATA[]]></system-err>
</testsuite>
