<?xml version="1.0" encoding="UTF-8"?>
<testsuite name="UtilitiesKtTest" tests="41" skipped="0" failures="0" errors="0" timestamp="2023-02-12T10:57:44" hostname="LAPTOP-MCV0VM2C" time="0.196">
  <properties/>
  <testcase name="checkIfAllWordOfDictionaryAreValidWhenLanguageIsSpanish()" classname="UtilitiesKtTest" time="0.032"/>
  <testcase name="checkIfLosesIfCorrectLettersIsNotFive()" classname="UtilitiesKtTest" time="0.044"/>
  <testcase name="checkIfAllWordOfDictionaryAreValidWhenLanguageIsEnglish()" classname="UtilitiesKtTest" time="0.002"/>
  <testcase name="checkThatAreZeroCorrectLettersIfGuessWordDoesNotMatchSecretWord()" classname="UtilitiesKtTest" time="0.001"/>
  <testcase name="checkThatReturnsCurrentUserIfNewuserIsEmpty()" classname="UtilitiesKtTest" time="0.002"/>
  <testcase name="checkThatWordsHistDataIsEmptyIfPathNotExists()" classname="UtilitiesKtTest" time="0.001"/>
  <testcase name="checkThatReturnsCurrentUserIfNewUserIsEqualToCurrentUser()" classname="UtilitiesKtTest" time="0.001"/>
  <testcase name="checkThatReturnsEmptyUserNameIfRouteNotExists()" classname="UtilitiesKtTest" time="0.004"/>
  <testcase name="checkIfWordsHistoryHasNoDataDictionaryHasNotPlayedWords()" classname="UtilitiesKtTest" time="0.001"/>
  <testcase name="checkTriesAccomulateIsTheSameIfDataLoadedIsEmpty()" classname="UtilitiesKtTest" time="0.001"/>
  <testcase name="checkIfTriesIsInvalidStatisticsAreEmpty()" classname="UtilitiesKtTest" time="0.001"/>
  <testcase name="checkThatReturnsCurrentUserIfNewUserDoesNotExists()" classname="UtilitiesKtTest" time="0.001"/>
  <testcase name="checkIfNumberOfTotalGuessedWordsIsZeroStatisticsAreEmpty()" classname="UtilitiesKtTest" time="0.001"/>
  <testcase name="checkWordsHistHasContentWhenWordProvided()" classname="UtilitiesKtTest" time="0.008"/>
  <testcase name="checkThatReturnsCurrentUserIfRouteDoesNotExists()" classname="UtilitiesKtTest" time="0.002"/>
  <testcase name="checkIfParamsAreValidStatisticsIsNotEmpty()" classname="UtilitiesKtTest" time="0.001"/>
  <testcase name="checkIfDictionaryIsEmptyWhenLanguageDoesntExistInAvailableLanguages()" classname="UtilitiesKtTest" time="0.0"/>
  <testcase name="checkThatReturnsEmptyUserNameIfRouteIsEmpty()" classname="UtilitiesKtTest" time="0.0"/>
  <testcase name="checkThatReturnsUserNameIfRouteIsCorrect()" classname="UtilitiesKtTest" time="0.009"/>
  <testcase name="checkTriesAccomulateHasUpdatedContentOnceDataLoaded()" classname="UtilitiesKtTest" time="0.001"/>
  <testcase name="checkIfRandomWordIsEmptyIfDictionaryIsEmpty()" classname="UtilitiesKtTest" time="0.001"/>
  <testcase name="checkThatAreCorrectLettersIfGuessWordResemblesSecretWord()" classname="UtilitiesKtTest" time="0.001"/>
  <testcase name="checkIfWinsIfCorrectLettersEqualsFive()" classname="UtilitiesKtTest" time="0.001"/>
  <testcase name="checkThatReturnsCurrentLanguageIfNewLanguageDoesNotExist()" classname="UtilitiesKtTest" time="0.011"/>
  <testcase name="checkThatReturnsCurrentLanguageIfNewLanguageIsEmpty()" classname="UtilitiesKtTest" time="0.001"/>
  <testcase name="checkThatAreNotCorrectLettersIfGuessWordHasSameLettersButNotInOrder()" classname="UtilitiesKtTest" time="0.002"/>
  <testcase name="checkSavedDataHasContentWhenDataIsProvided()" classname="UtilitiesKtTest" time="0.014"/>
  <testcase name="checkIfDictionaryIsEmptyWhenLanguageNotProvided()" classname="UtilitiesKtTest" time="0.001"/>
  <testcase name="checkIfAllWordsOfDictionaryAreLoadedWhenLanguageIsSpanish()" classname="UtilitiesKtTest" time="0.001"/>
  <testcase name="checkIfRandomWordIsValidInSpanishDictionary()" classname="UtilitiesKtTest" time="0.007"/>
  <testcase name="checkThatReturnsNewLanguageIfNewLanguageExists()" classname="UtilitiesKtTest" time="0.002"/>
  <testcase name="checkIfWordsHistoryHasDataDictionaryHasSomePlayedWords()" classname="UtilitiesKtTest" time="0.001"/>
  <testcase name="checkIfAllWordsOfDictionaryAreLoadedWhenLanguageIsEnglish()" classname="UtilitiesKtTest" time="0.001"/>
  <testcase name="checkIfWordHistoryHasAllWordsDictionaryHasAllWordsEmpty()" classname="UtilitiesKtTest" time="0.0"/>
  <testcase name="checkThatDefaultStatsDataIsLoadedIfHistFileNotExists()" classname="UtilitiesKtTest" time="0.006"/>
  <testcase name="checkIfParamsAreInvalidStatisticsIsEmpty()" classname="UtilitiesKtTest" time="0.0"/>
  <testcase name="checkThatReturnsCurrentLanguageIfNewLanguagesIsEqualToCurrentLanguage()" classname="UtilitiesKtTest" time="0.001"/>
  <testcase name="checkThatAreFiveCorrectLettersIfGuessWordMatchesSecretWord()" classname="UtilitiesKtTest" time="0.001"/>
  <testcase name="checkIfRandomWordIsValidInEnglishDictionary()" classname="UtilitiesKtTest" time="0.001"/>
  <testcase name="checkIfMediansAreValidIfParamsAreValid()" classname="UtilitiesKtTest" time="0.0"/>
  <testcase name="checkIfWordsHistoryHasDataDictionaryHasThatWordEmpty()" classname="UtilitiesKtTest" time="0.001"/>
  <system-out><![CDATA[?[32mG?[0m?[32mO?[0mT?[33mA?[0mS
LUPIN
Problema con el archivo de usuarios. Cancelando operación...
No se ha encontrado archivo de save. Creando archivo
Problema con el archivo de usuarios. Cancelando operación...
Ha habido un problema a la hora de comprobar la carpeta de usuarios
Problema con el archivo de usuarios. Cancelando operación...
Problema con el archivo de usuarios. Cancelando operación...
?[32mG?[0m?[32mO?[0mT?[33mA?[0mS
?[32mG?[0m?[32mO?[0m?[32mR?[0m?[32mR?[0m?[32mA?[0m
Ha habido un error al cambiar de lenguaje. Cancelando operación...
Ha habido un error al cambiar de lenguaje. Cancelando operación...
?[33mR?[0m?[33mR?[0m?[33mA?[0m?[33mG?[0m?[33mO?[0m
Guardando datos...
No se ha encontrado archivo de hist. Creando archivo
Se ha seleccionado el mismo lenguaje. Ningún cambio producido
?[32mG?[0m?[32mO?[0m?[32mR?[0m?[32mR?[0m?[32mA?[0m
]]></system-out>
  <system-err><![CDATA[]]></system-err>
</testsuite>
